<?xml version="1.0" encoding="UTF-8"?>
<!-- Generated by org.testng.reporters.JUnitReportReporter -->
<testsuite hostname="WIN-O3R07JH93RF" failures="0" tests="1" name="Parameters_Authentication.Path_Paramaters" time="3.166" errors="0" timestamp="13 Jan 2022 08:18:05 GMT" skipped="0">
  <testcase classname="Parameters_Authentication.Path_Paramaters" name="pathParameters" time="3.166"/>
</testsuite> <!-- Parameters_Authentication.Path_Paramaters -->
