<?xml version="1.0" encoding="UTF-8"?>
<!-- Generated by org.testng.reporters.JUnitReportReporter -->
<testsuite hostname="WIN-O3R07JH93RF" failures="0" tests="1" name="CRUD_without_BDD.Get_All_Projects" time="2.966" errors="0" timestamp="13 Jan 2022 08:56:33 GMT" skipped="0">
  <testcase classname="CRUD_without_BDD.Get_All_Projects" name="get_All_Projects" time="2.966"/>
</testsuite> <!-- CRUD_without_BDD.Get_All_Projects -->
