<?xml version="1.0" encoding="UTF-8"?>
<!-- Generated by org.testng.reporters.JUnitReportReporter -->
<testsuite hostname="WIN-O3R07JH93RF" failures="0" tests="1" name="TestScripts.Get_All_Projects" time="2.067" errors="0" timestamp="2022-01-16T17:53:16 IST" skipped="0">
  <testcase classname="TestScripts.Get_All_Projects" name="getAll" time="2.067"/>
  <system-out/>
</testsuite> <!-- TestScripts.Get_All_Projects -->
