<?xml version="1.0" encoding="UTF-8"?>
<!-- Generated by org.testng.reporters.JUnitReportReporter -->
<testsuite hostname="WIN-O3R07JH93RF" failures="0" tests="1" name="CRUD_without_BDD.CreateProject" time="4.127" errors="0" timestamp="12 Jan 2022 06:26:32 GMT" skipped="0">
  <testcase classname="CRUD_without_BDD.CreateProject" name="createProject" time="4.127"/>
</testsuite> <!-- CRUD_without_BDD.CreateProject -->
