<?xml version="1.0" encoding="UTF-8"?>
<!-- Generated by org.testng.reporters.JUnitReportReporter -->
<testsuite hostname="WIN-O3R07JH93RF" failures="0" tests="1" name="Post_Request_Ways.Create_Proj_Using_JSON_file" time="8.043" errors="0" timestamp="12 Jan 2022 09:41:34 GMT" skipped="0">
  <testcase classname="Post_Request_Ways.Create_Proj_Using_JSON_file" name="create_Proj_Using_JSON_file" time="8.043"/>
</testsuite> <!-- Post_Request_Ways.Create_Proj_Using_JSON_file -->
