<?xml version="1.0" encoding="UTF-8"?>
<!-- Generated by org.testng.reporters.JUnitReportReporter -->
<testsuite hostname="WIN-O3R07JH93RF" failures="0" tests="2" name="Authentication.Authentication" time="4.640" errors="0" timestamp="2022-01-17T14:14:27 IST" skipped="0">
  <testcase classname="Authentication.Authentication" name="preemptive_auth" time="0.666"/>
  <system-out/>
  <testcase classname="Authentication.Authentication" name="digestive_auth" time="3.974"/>
  <system-out/>
</testsuite> <!-- Authentication.Authentication -->
