<?xml version="1.0" encoding="UTF-8"?>
<!-- Generated by org.testng.reporters.JUnitReportReporter -->
<testsuite hostname="WIN-O3R07JH93RF" failures="0" tests="1" name="Request_Chaining.Post_Delete" time="5.558" errors="0" timestamp="13 Jan 2022 08:51:16 GMT" skipped="0">
  <testcase classname="Request_Chaining.Post_Delete" name="postDelete" time="5.558"/>
</testsuite> <!-- Request_Chaining.Post_Delete -->
