<?xml version="1.0" encoding="UTF-8"?>
<!-- Generated by org.testng.reporters.JUnitReportReporter -->
<testsuite hostname="WIN-O3R07JH93RF" failures="0" tests="1" name="TestScripts.Create_Get" time="6.763" errors="0" timestamp="2022-01-17T11:48:46 IST" skipped="0">
  <testcase classname="TestScripts.Create_Get" name="createAndget" time="6.763"/>
  <system-out/>
</testsuite> <!-- TestScripts.Create_Get -->
