<?xml version="1.0" encoding="UTF-8"?>
<!-- Generated by org.testng.reporters.JUnitReportReporter -->
<testsuite hostname="WIN-O3R07JH93RF" failures="0" tests="1" name="CRUD_with_BDD.Delete_Project" time="2.989" errors="0" timestamp="12 Jan 2022 06:59:36 GMT" skipped="0">
  <testcase classname="CRUD_with_BDD.Delete_Project" name="delete_Project" time="2.989"/>
</testsuite> <!-- CRUD_with_BDD.Delete_Project -->
