<?xml version="1.0" encoding="UTF-8"?>
<!-- Generated by org.testng.reporters.JUnitReportReporter -->
<testsuite hostname="WIN-O3R07JH93RF" failures="0" tests="1" name="TestScripts.Create_Project" time="4.078" errors="0" timestamp="2022-01-17T14:42:16 IST" skipped="0">
  <testcase classname="TestScripts.Create_Project" name="Create" time="4.078"/>
  <system-out/>
</testsuite> <!-- TestScripts.Create_Project -->
