<?xml version="1.0" encoding="UTF-8"?>
<!-- Generated by org.testng.reporters.JUnitReportReporter -->
<testsuite hostname="WIN-O3R07JH93RF" failures="0" tests="1" name="Responses_Validation.Hamcrests" time="3.410" errors="0" timestamp="2022-01-17T14:24:50 IST" skipped="0">
  <testcase classname="Responses_Validation.Hamcrests" name="testing" time="3.410"/>
  <system-out/>
</testsuite> <!-- Responses_Validation.Hamcrests -->
