<?xml version="1.0" encoding="UTF-8"?>
<!-- Generated by org.testng.reporters.JUnitReportReporter -->
<testsuite hostname="WIN-O3R07JH93RF" failures="0" tests="1" name="Responses_Validation.Dynamic_Response_Validation" time="4.664" errors="0" timestamp="12 Jan 2022 10:56:24 GMT" skipped="0">
  <testcase classname="Responses_Validation.Dynamic_Response_Validation" name="dynamicValidation" time="4.664"/>
</testsuite> <!-- Responses_Validation.Dynamic_Response_Validation -->
