<?xml version="1.0" encoding="UTF-8"?>
<!-- Generated by org.testng.reporters.JUnitReportReporter -->
<testsuite hostname="WIN-O3R07JH93RF" failures="0" tests="1" name="TestScripts.Get_Project" time="2.139" errors="0" timestamp="2022-01-16T22:02:25 IST" skipped="0">
  <testcase classname="TestScripts.Get_Project" name="get" time="2.139"/>
  <system-out/>
</testsuite> <!-- TestScripts.Get_Project -->
