<?xml version="1.0" encoding="UTF-8"?>
<!-- Generated by org.testng.reporters.JUnitReportReporter -->
<testsuite hostname="WIN-O3R07JH93RF" failures="0" tests="1" name="Authentication.Bearer_Token" time="7.111" errors="0" timestamp="13 Jan 2022 07:54:47 GMT" skipped="0">
  <testcase classname="Authentication.Bearer_Token" name="Bearer_Token" time="7.111"/>
</testsuite> <!-- Authentication.Bearer_Token -->
