<?xml version="1.0" encoding="UTF-8"?>
<!-- Generated by org.testng.reporters.JUnitReportReporter -->
<testsuite hostname="WIN-O3R07JH93RF" failures="0" tests="1" name="CRUD_without_BDD.Get_Single_Project" time="2.601" errors="0" timestamp="11 Jan 2022 11:43:12 GMT" skipped="0">
  <testcase classname="CRUD_without_BDD.Get_Single_Project" name="Get_Single_Project" time="2.601"/>
</testsuite> <!-- CRUD_without_BDD.Get_Single_Project -->
