<?xml version="1.0" encoding="UTF-8"?>
<!-- Generated by org.testng.reporters.JUnitReportReporter -->
<testsuite hostname="WIN-O3R07JH93RF" failures="0" tests="1" name="Authentication.OAuth_Authentication" time="7.350" errors="0" timestamp="13 Jan 2022 08:05:52 GMT" skipped="0">
  <testcase classname="Authentication.OAuth_Authentication" name="OAuth2" time="7.350"/>
</testsuite> <!-- Authentication.OAuth_Authentication -->
