<?xml version="1.0" encoding="UTF-8"?>
<!-- Generated by org.testng.reporters.JUnitReportReporter -->
<testsuite hostname="WIN-O3R07JH93RF" failures="0" tests="1" name="TestScripts.Create_A_Resource" time="4.251" errors="0" timestamp="2022-01-16T17:38:19 IST" skipped="0">
  <testcase classname="TestScripts.Create_A_Resource" name="create" time="4.251"/>
  <system-out/>
</testsuite> <!-- TestScripts.Create_A_Resource -->
