<?xml version="1.0" encoding="UTF-8"?>
<!-- Generated by org.testng.reporters.JUnitReportReporter -->
<testsuite hostname="WIN-O3R07JH93RF" failures="0" tests="1" name="CRUD_with_BDD.Get_Single_project" time="4.945" errors="0" timestamp="2022-01-17T15:55:59 IST" skipped="0">
  <testcase classname="CRUD_with_BDD.Get_Single_project" name="get_Single_project" time="4.945"/>
  <system-out/>
</testsuite> <!-- CRUD_with_BDD.Get_Single_project -->
