<?xml version="1.0" encoding="UTF-8"?>
<!-- Generated by org.testng.reporters.JUnitReportReporter -->
<testsuite hostname="WIN-O3R07JH93RF" failures="0" tests="1" name="CRUD_without_BDD.Delete_Project" time="2.716" errors="0" timestamp="11 Jan 2022 12:00:00 GMT" skipped="0">
  <testcase classname="CRUD_without_BDD.Delete_Project" name="delete_Project" time="2.716"/>
</testsuite> <!-- CRUD_without_BDD.Delete_Project -->
