<?xml version="1.0" encoding="UTF-8"?>
<!-- Generated by org.testng.reporters.JUnitReportReporter -->
<testsuite hostname="WIN-O3R07JH93RF" failures="0" tests="1" name="CRUD_with_BDD.Get_All_Projects" time="3.607" errors="0" timestamp="12 Jan 2022 06:33:37 GMT" skipped="0">
  <testcase classname="CRUD_with_BDD.Get_All_Projects" name="get_All_Projects" time="3.607"/>
</testsuite> <!-- CRUD_with_BDD.Get_All_Projects -->
