<?xml version="1.0" encoding="UTF-8"?>
<!-- Generated by org.testng.reporters.JUnitReportReporter -->
<testsuite hostname="WIN-O3R07JH93RF" failures="0" tests="1" name="CRUD_without_BDD.Update_Project" time="4.211" errors="0" timestamp="12 Jan 2022 06:48:12 GMT" skipped="0">
  <testcase classname="CRUD_without_BDD.Update_Project" name="update_Project" time="4.211"/>
</testsuite> <!-- CRUD_without_BDD.Update_Project -->
