<?xml version="1.0" encoding="UTF-8"?>
<!-- Generated by org.testng.reporters.JUnitReportReporter -->
<testsuite hostname="WIN-O3R07JH93RF" failures="0" tests="1" name="Parameters_Authentication.Query_Parameter" time="3.535" errors="0" timestamp="13 Jan 2022 08:16:38 GMT" skipped="0">
  <testcase classname="Parameters_Authentication.Query_Parameter" name="queryParameters" time="3.535"/>
</testsuite> <!-- Parameters_Authentication.Query_Parameter -->
