<?xml version="1.0" encoding="UTF-8"?>
<!-- Generated by org.testng.reporters.JUnitReportReporter -->
<testsuite hostname="WIN-O3R07JH93RF" failures="0" tests="1" name="Authentication.Basic_Auth" time="3.302" errors="0" timestamp="13 Jan 2022 07:54:20 GMT" skipped="0">
  <testcase classname="Authentication.Basic_Auth" name="basic_Auth" time="3.302"/>
</testsuite> <!-- Authentication.Basic_Auth -->
