<?xml version="1.0" encoding="UTF-8"?>
<!-- Generated by org.testng.reporters.JUnitReportReporter -->
<testsuite hostname="WIN-O3R07JH93RF" failures="0" tests="1" name="TestScripts.Delete_Project" time="2.076" errors="0" timestamp="2022-01-16T17:46:31 IST" skipped="0">
  <testcase classname="TestScripts.Delete_Project" name="delete" time="2.076"/>
  <system-out/>
</testsuite> <!-- TestScripts.Delete_Project -->
