<?xml version="1.0" encoding="UTF-8"?>
<!-- Generated by org.testng.reporters.JUnitReportReporter -->
<testsuite hostname="WIN-O3R07JH93RF" failures="0" tests="1" name="TestScripts.Update_Project" time="1.942" errors="0" timestamp="2022-01-16T16:42:06 IST" skipped="0">
  <testcase classname="TestScripts.Update_Project" name="update" time="1.942"/>
  <system-out/>
</testsuite> <!-- TestScripts.Update_Project -->
