<?xml version="1.0" encoding="UTF-8"?>
<!-- Generated by org.testng.reporters.JUnitReportReporter -->
<testsuite hostname="WIN-O3R07JH93RF" failures="0" tests="1" name="Request_Chaining.Chaining" time="4.631" errors="0" timestamp="13 Jan 2022 08:25:13 GMT" skipped="0">
  <testcase classname="Request_Chaining.Chaining" name="chaining" time="4.631"/>
</testsuite> <!-- Request_Chaining.Chaining -->
